Arguments: 
  C:\Program Files\nodejs\node.exe C:\Users\KIIT\AppData\Roaming\npm\node_modules\yarn\bin\yarn.js add socket.io

PATH: 
  C:\Program Files\Java\jdk-17.0.2\bin;C:\Program Files (x86)\Common Files\Oracle\Java\javapath;C:\oraclexe\app\oracle\product\11.2.0\server\bin;C:\Program Files (x86)\Common Files\Intel\Shared Libraries\redist\intel64\compiler;C:\Windows\system32;C:\Windows;C:\Windows\System32\Wbem;C:\Windows\System32\WindowsPowerShell\v1.0\;C:\Windows\System32\OpenSSH\;C:\Program Files (x86)\NVIDIA Corporation\PhysX\Common;C:\Program Files\NVIDIA Corporation\NVIDIA NvDLISR;C:\MinGW\bin;C:\WINDOWS\system32;C:\WINDOWS;C:\WINDOWS\System32\Wbem;C:\WINDOWS\System32\WindowsPowerShell\v1.0\;C:\WINDOWS\System32\OpenSSH\;C:\Program Files\dotnet\;C:\Program Files\Git\cmd;C:\Program Files\Cloudflare\Cloudflare WARP\;C:\Users\KIIT\AppData\Roaming\nvm;C:\Program Files\nodejs;C:\Users\KIIT\anaconda3;C:\Users\KIIT\anaconda3\Library\mingw-w64\bin;C:\Users\KIIT\anaconda3\Library\usr\bin;C:\Users\KIIT\anaconda3\Library\bin;C:\Users\KIIT\anaconda3\Scripts;C:\Users\KIIT\AppData\Local\Microsoft\WindowsApps;C:\Program Files\JetBrains\IntelliJ IDEA Community Edition 2020.2.1\bin;C:\Program Files\CodeBlocks\MinGW\bin;C:\Users\KIIT\AppData\Local\Programs\Microsoft VS Code\bin;C:\Users\KIIT\AppData\Local\atom\bin;C:\Users\KIIT\.dotnet\tools;C:\Program Files\JetBrains\IntelliJ IDEA Community Edition 2021.3.1\bin;;D:\Softwares\Hyper\resources\bin;C:\Users\KIIT\AppData\Local\Programs\Hyper\resources\bin;C:\Users\KIIT\AppData\Roaming\npm;C:\Program Files\heroku\bin;C:\Program Files\mongosh-1.1.9-win32-x64\mongosh-1.1.9-win32-x64\bin\mongosh.exe;C:\Program Files\mongosh\;C:\Users\KIIT\AppData\Local\Microsoft\WindowsApps;C:\Users\KIIT\AppData\Roaming\nvm;C:\Program Files\nodejs

Yarn version: 
  1.22.19

Node version: 
  18.12.1

Platform: 
  win32 x64

Trace: 
  Error: EPERM: operation not permitted, unlink 'E:\Projects React\ChatApp\server\node_modules\bcrypt\lib\binding\napi-v3\bcrypt_lib.node'

npm manifest: 
  {
    "name": "backofchat",
    "version": "1.0.0",
    "description": "a chat app",
    "main": "index.js",
    "scripts": {
      "test": "echo \"Error: no test specified\" && exit 1",
      "start":"nodemon index.js"
    },
    "author": "SaubhagyaSenapati",
    "license": "ISC",
    "dependencies": {
      "bcrypt": "^5.1.0",
      "cors": "^2.8.5",
      "dotenv": "^16.0.3",
      "express": "^4.18.2",
      "mongoose": "^6.7.2",
      "nodemon": "^2.0.20",
      "socket.io": "^4.5.3"
    }
  }

yarn manifest: 
  No manifest

Lockfile: 
  No lockfile
